 There's a lot of stuff here, but you really only need to see the last 30 lines.



 1017  less amazon_reviews_us_Books_v1_02.tsv 
 1018  man sed
 1019  cut -f 2 amazon_reviews_us_Books_v1_02.tsv | sort | uniq -c | sort -n -k 1 | tail -n 3 | less
 1020  cut -f 2 amazon_reviews_us_Books_v1_02.tsv | sort | uniq -c | sort -n -k 1 | tail -n 3
 1021  script ws5.txt
 1022  cut -f 2 amazon_reviews_us_Books_v1_02.tsv | sort | uniq -c | wc -l
 1023  head amazon_reviews_us_Books_v1_02.tsv 
 1024  head amazon_reviews_us_Books_v1_02.tsv | less
 1025  cut -n 14 amazon_reviews_us_Books_v1_02.tsv | head -n 15less
 1026  cut -n 14 amazon_reviews_us_Books_v1_02.tsv | head -n 15 less
 1027  cut -n 14 amazon_reviews_us_Books_v1_02.tsv | head -n 15 | less
 1028  head -n 15 amazon_reviews_us_Books_v1_02.tsv | cut -f 14 | less
 1029  head -n 15 amazon_reviews_us_Books_v1_02.tsv | fgrep -f top_1k_amacusto.txt | less
 1030  head -n 15 amazon_reviews_us_Books_v1_02.tsv | grep -f top_1k_amacusto.txt | less
 1031  head -n 15 amazon_reviews_us_Books_v1_02.tsv | cut -f 2 | grep -f top_1k_amacusto.txt | less
 1032  head -n 100 amazon_reviews_us_Books_v1_02.tsv | grep -f top_1k_amacusto.txt | less
 1033  head -n 100 amazon_reviews_us_Books_v1_02.tsv | cut -f 2 | grep -f top_1k_amacusto.txt | less
 1034  head -n 10000 amazon_reviews_us_Books_v1_02.tsv | cut -f 2 | grep -f top_1k_amacusto.txt | less
 1035  head -n 10000 amazon_reviews_us_Books_v1_02.tsv | cut -f 2 less
 1036  head -n 10000 amazon_reviews_us_Books_v1_02.tsv | cut -f 2 | less
 1037  less top_1k_amacusto.txt 
 1038  cut -f 2 top_1k_amacusto.txt | less
 1039  echo '      4 234' | sed s/'[0-9]+ '/''
 1040  echo '      4 234' | sed 's/'[0-9]+ '/'''
 1041  echo '      4 234' | sed s/'\[0-9]+ '/''
 1042  echo '      4 234' | sed \s/'[0-9]+ '/''
 1043  echo '      4 234' | sed s/'[0-9]+ '/''/
 1044  echo '      4 234' | sed s/'\s+[0-9]+ '/''/
 1045  echo '      4 234' | sed s/'\t+[0-9]+ '/''/
 1046  echo '      4 234' | sed s/'(\s+[0-9]+ )[0-9]+'/''/
 1047  echo '      4 234' | sed s/'[0-9]+'/''/
 1048  echo '      4 234' | sed s/[0-9]+/''/
 1049  echo '      4 234' | sed s/'[0-9]+'/'^$'/
 1050  echo '      4 234' | sed /4/d
 1051  echo '      4 234' | sed s/4/''/
 1052  echo '      4 234' | sed s/[0-9]+/''/
 1053  echo '      4 234' | sed s/\s+/''/
 1054  echo '      4 234' | sed s/\\s+/''/
 1055  echo '      4 234' | sed s/'\s+'/''/
 1056  echo '      4 234' | sed s/4//
 1057  echo '      4 234' | sed s/[0-9]\+//
 1058  echo '      4 234' | sed s/\[0-9\]\+//
 1059  echo '      4 234' | sed s/\s+//
 1060  echo '      4 234' | sed s/\\s+//
 1061  echo '      4 234' | sed s/\\s\+//
 1062  echo '      4 234' | sed s/\s\+//
 1063  echo '      4 234' | sed -r s/\s+//
 1064  echo '      4 234' | sed -r s/\s+/got/
 1065  echo '      4 234' | sed -r s/ +/$/
 1066  echo '      4 234' | sed -r s/' +'/$/
 1067  echo '      4 234' | sed -r s/'\s+'/$/
 1068  echo '      4 234' | sed -r s/'\s[0-9]+'/$/
 1069  echo '      4 234' | sed -r s/'\s+[0-9]+'/$/
 1070  echo '      4 234' | sed -r s/'\s+[0-9]+ '/$/
 1071  echo '      4 234' | sed -r s/'\s+[0-9]+ '//
 1072  echo '      4 234' | sed  s/'\s+[0-9]+ '//
 1073  echo '      4 234' | sed  s/'\s\+[0-9]\+ '//
 1074  script -a ws5.txt
 1075  grep -f top_1k_amacusto_sed.txt amazon_reviews_us_Books_v1_02.tsv | less
 1076  for cust_id in top_1k_amacusto_sed.txt | grep $cust_id amazon_reviews_us_Books_v1_02.tsv | less
 1077  for cust_id in top_1k_amacusto_sed.txt | grep "$cust_id" amazon_reviews_us_Books_v1_02.tsv | less
 1078  for cust_id in top_1k_amacusto_sed.txt; do grep "$cust_id" amazon_reviews_us_Books_v1_02.tsv; end | less
 1079  for cust_id in top_1k_amacusto_sed.txt; do grep "$cust_id" amazon_reviews_us_Books_v1_02.tsv; done | less
 1080  for cust_id in top_1k_amacusto_sed.txt; do grep $cust_id amazon_reviews_us_Books_v1_02.tsv; done | less
 1081  for cust_id in top_1k_amacusto_sed.txt; do grep $cust_id -f amazon_reviews_us_Books_v1_02.tsv; done | less
 1082  for cust_id in top_1k_amacusto_sed.txt; do grep $cust_id amazon_reviews_us_Books_v1_02.tsv; done | less
 1083  for cust_id in top_1k_amacusto_sed.txt; do echo $cust_id ; done | less
 1084  cd CS131
 1085  git checkout master
 1086  ls
 1087  git checkout -b WS5
 1088  ls ..
 1089  cp ../ws5.txt WS5/ws5.txt
 1090  mkdir WS5
 1091  cp ../ws5.txt WS5/ws5.txt
 1092  cd WS5
 1093  history > cmds_ws5.log
 1094  cd ..
 1095  git status
 1096  git add WS5/
 1097  git status
 1098  git commit -m "Created WS5 branch, filling with cmds and ws5.txt"
 1099  git push origin WS5
 1100  cd ..
 1101  ls
 1102  for cust_id in top_1k_amacusto_sed.txt; do echo $cust_id ; done | less
 1103  for cust_id in echo top_1k_amacusto_sed.txt; do echo $cust_id ; done | less
 1104  for cust_id in echo 'top_1k_amacusto_sed.txt' ; do echo $cust_id ; done | less
 1105  for cust_id in cat top_1k_amacusto_sed.txt ; do echo $cust_id ; done | less
 1106  for cust_id in `cat top_1k_amacusto_sed.txt` ; do echo $cust_id ; done | less
 1107  for cust_id in `top_1k_amacusto_sed.txt` ; do echo $cust_id ; done | less
 1108  for cust_id in `echo top_1k_amacusto_sed.txt` ; do echo $cust_id ; done | less
 1109  for cust_id in `cat top_1k_amacusto_sed.txt` ; do `grep $cust_id amazon_reviews_us_Books_v1_02.tsv | cut -f 14` >> WS5/CUSTOMERS/$cust_id_reviews.txt ; | less
 1110  for cust_id in `cat top_1k_amacusto_sed.txt` ; do `grep $cust_id amazon_reviews_us_Books_v1_02.tsv | cut -f 14` >> WS5/CUSTOMERS/$cust_id_reviews.txt ; done | less
 1111  for cust_id in `cat top_1k_amacusto_sed.txt` ; do `grep $cust_id amazon_reviews_us_Books_v1_02.tsv | cut -f 14` > WS5/CUSTOMERS/$cust_id_reviews.txt ; done | less
 1112  for cust_id in `cat top_1k_amacusto_sed.txt` ; do `grep $cust_id amazon_reviews_us_Books_v1_02.tsv | cut -f 14` > WS5/CUSTOMERS/'$cust_id'_reviews.txt ; done | less
 1113  mkdir WS5/CUSTOMERS
 1114  mkdir /WS5/CUSTOMERS
 1115  mkdir -r /WS5/CUSTOMERS
 1116  man mkdir
 1117  man -p mkdir
 1118  n
 1119  man mkdir
 1120  mkdir -p WS5/CUSTOMERS
 1121  ls WS4
 1122  ls WS5
 1123  ls WS5/CUSTOMERS/
 1124  ls WS5/CUSTOMERS
 1125  for cust_id in `cat top_1k_amacusto_sed.txt` ; do `grep $cust_id amazon_reviews_us_Books_v1_02.tsv | cut -f 14` > WS5/CUSTOMERS/'$cust_id'_reviews.txt ; done | less
 1126  for cust_id in `cat top_1k_amacusto_sed.txt` ; do `grep $cust_id amazon_reviews_us_Books_v1_02.tsv | cut -f 14` > WS5/CUSTOMERS/$cust_id_reviews.txt ; done | less
 1127  for cust_id in `cat top_1k_amacusto_sed.txt` ; do `grep $cust_id amazon_reviews_us_Books_v1_02.tsv` | less
 1128  for cust_id in `cat top_1k_amacusto_sed.txt` ; do `grep $cust_id amazon_reviews_us_Books_v1_02.tsv` ; done | less
 1129  for cust_id in `cat top_1k_amacusto_sed.txt` ; do grep $cust_id amazon_reviews_us_Books_v1_02.tsv ; done | less
 1130  for cust_id in `cat top_1k_amacusto_sed.txt` ; do grep $cust_id amazon_reviews_us_Books_v1_02.tsv | cut -f 14 ; done | less
 1131  for cust_id in `cat top_1k_amacusto_sed.txt` ; do grep $cust_id amazon_reviews_us_Books_v1_02.tsv | cut -f 14 > WS5/CUSTOMERS/$cust_id_reviews.txt ; done | less
 1132  for cust_id in `cat top_1k_amacusto_sed.txt` ; do grep $cust_id amazon_reviews_us_Books_v1_02.tsv | cut -f 14 > WS5/CUSTOMERS/$cust_id_reviews.txt ; done
 1133  ls WS5/CUSTOMERS
 1134  for cust_id in `cat top_1k_amacusto_sed.txt` ; do grep $cust_id amazon_reviews_us_Books_v1_02.tsv | cut -f 14 > WS5/CUSTOMERS/'$cust_id'_reviews.txt ; done
 1135  ls WS5/CUSTOMERS
 1136  for cust_id in `cat top_1k_amacusto_sed.txt` ; do grep $cust_id amazon_reviews_us_Books_v1_02.tsv | cut -f 14 > WS5/CUSTOMERS/'\$cust_id'_reviews.txt ; done
 1137  ls WS5/CUSTOMERS
 1138  for cust_id in `cat top_1k_amacusto_sed.txt` ; do grep $cust_id amazon_reviews_us_Books_v1_02.tsv | cut -f 14 > WS5/CUSTOMERS/"$cust_id"_reviews.txt ; done
 1139  ls WS5/CUSTOMERS
 1140  man rm
 1141  rm -r WS5/CUSTOMERS/*.txt
 1142  ls WS5/CUSTOMERS/
 1143  ls WS5/
 1144  for cust_id in `cat top_1k_amacusto_sed.txt` ; do cut -f 2,14 amazon_reviews_us_Books_v1_02.tsv | grep -e '^$cust_id' | echo ; done | less
 1145  for cust_id in `cat top_1k_amacusto_sed.txt` ; do cut -f 2,14 amazon_reviews_us_Books_v1_02.tsv | grep -e ^$cust_id ; done | less
 1146  for cust_id in `cat top_1k_amacusto_sed.txt` ; do cut -f 2,14 amazon_reviews_us_Books_v1_02.tsv | grep -e ^$cust_id | cut -f 2 ; done | less
 1147  for cust_id in `cat top_1k_amacusto_sed.txt` ; do cut -f 2,14 amazon_reviews_us_Books_v1_02.tsv | grep -ne -A 20 ^$cust_id | cut -f 2 ; done | less
 1148  for cust_id in `cat top_1k_amacusto_sed.txt` ; do cut -f 2,14 amazon_reviews_us_Books_v1_02.tsv | grep -n -e -A 20 ^$cust_id | cut -f 2 ; done | less
 1149  for cust_id in `cat top_1k_amacusto_sed.txt` ; do cut -f 2,14 amazon_reviews_us_Books_v1_02.tsv | grep -n -A 20 -e ^$cust_id | cut -f 2 ; done | less
 1150  for cust_id in `cat top_1k_amacusto_sed.txt` ; do cut -f 2,14 amazon_reviews_us_Books_v1_02.tsv | grep -n -e ^$cust_id | cut -f 2 ; done | less
 1151  for cust_id in `cat top_1k_amacusto_sed.txt` ; do cut -f 2,14 amazon_reviews_us_Books_v1_02.tsv | grep -A 20 -e ^$cust_id | cut -f 2 ; done | less
 1152  for cust_id in `cat top_1k_amacusto_sed.txt` ; do cut -f 2,14 amazon_reviews_us_Books_v1_02.tsv | grep -e ^$cust_id | grep -vo -A 30 -e ^$cust_id\s ; done | less
 1153  grep marketplace amazon_reviews_us_Books_v1_02.tsv | less
 1154  grep -o marketplace amazon_reviews_us_Books_v1_02.tsv | less
 1155  grep -vo marketplace amazon_reviews_us_Books_v1_02.tsv | less
 1156  grep -v -o marketplace amazon_reviews_us_Books_v1_02.tsv | less
 1157  grep -o -v marketplace amazon_reviews_us_Books_v1_02.tsv | less
 1158  grep -o marketplace amazon_reviews_us_Books_v1_02.tsv | less
 1159  grep -o marketplace(.)+ amazon_reviews_us_Books_v1_02.tsv | less
 1160  grep -o marketplace(.)\+ amazon_reviews_us_Books_v1_02.tsv | less
 1161  grep -oe "marketplace(.)\+" amazon_reviews_us_Books_v1_02.tsv | less
 1162  grep -oe "marketplace(\.)\+" amazon_reviews_us_Books_v1_02.tsv | less
 1163  grep -oE "marketplace(.)+" amazon_reviews_us_Books_v1_02.tsv | less
 1164  grep -oE -A 30 "marketplace(.)+" amazon_reviews_us_Books_v1_02.tsv | less
 1165  grep -oE -A 10 "marketplace(.)+" amazon_reviews_us_Books_v1_02.tsv | less
 1166  grep -E -A 10 "marketplace(.)+" amazon_reviews_us_Books_v1_02.tsv | less
 1167  grep -E -A 1 "marketplace(.)+" amazon_reviews_us_Books_v1_02.tsv | less
 1168  grep -E -A 1 --group-separator ############################################################## "marketplace(.)+" amazon_reviews_us_Books_v1_02.tsv | less
 1169  grep -E -A 1 --group-separator=############################################################## "marketplace(.)+" amazon_reviews_us_Books_v1_02.tsv | less
 1170  grep -E -A 1 --group-separator=\n##############################################################\n "marketplace(.)+" amazon_reviews_us_Books_v1_02.tsv | less
 1171  grep -E -A 1 --group-separator=\\n##############################################################\\n "marketplace(.)+" amazon_reviews_us_Books_v1_02.tsv | less
 1172  grep -E -A 1 --group-separator=################################################################################## "marketplace(.)+" amazon_reviews_us_Books_v1_02.tsv | less
 1173  grep -E -A 1 --group-separator=################################################################################## "marketplace(.)+/g" amazon_reviews_us_Books_v1_02.tsv | less
 1174  grep -E -A 1 --group-separator=################################################################################## "marketplace(.)+"/g amazon_reviews_us_Books_v1_02.tsv | less
 1175  grep -E -A 1 --group-separator=################################################################################## "marketplace(.)+?" amazon_reviews_us_Books_v1_02.tsv | less
 1176  grep -E -A 1 --group-separator=################################################################################## "marketplace.+?" amazon_reviews_us_Books_v1_02.tsv | less
 1177  grep -E -A 0 --group-separator=################################################################################## "marketplace.+?" amazon_reviews_us_Books_v1_02.tsv | less
 1178  grep -E -A 0 --group-separator=################################################################################## "marketplace.+?" amazon_reviews_us_Books_v1_02.tsv | sed s/marketplace// | less
 1179  grep -E -A 0 --group-separator=################################################################################## "marketplace.+?" amazon_reviews_us_Books_v1_02.tsv | sed s/marketplace\s\+// | less
 1180  grep -E -A 0 --group-separator=################################################################################## "marketplace.+?" amazon_reviews_us_Books_v1_02.tsv | sed s/marketplace\\s\+// | less
 1181  grep -E -A 0 --group-separator=################################################################################## "marketplace.+?" amazon_reviews_us_Books_v1_02.tsv | sed -r s/marketplace\s+// | less
 1182  grep -E -A 0 --group-separator=################################################################################## "marketplace.+?" amazon_reviews_us_Books_v1_02.tsv | sed -r s/"marketplace\s+"// | less
 1183  for cust_id in cat top_1k_amacusto_sed.txt ; do grep $cust_id amazon_reviews_us_Books_v1_02.tsv | sed -r s/^"$cust_id"\s ; done | less
 1184  for cust_id in cat top_1k_amacusto_sed.txt ; do grep $cust_id amazon_reviews_us_Books_v1_02.tsv | sed -r s/^"$cust_id"\s// ; done | less
 1185  for cust_id in cat top_1k_amacusto_sed.txt ; do cut -f 2,14 amazon_reviews_us_Books_v1_02.tsv | grep $cust_id | sed -r s/^"$cust_id"\s// ; done | less
 1186  for cust_id in cat top_1k_amacusto_sed.txt ; do cut -f 2,14 amazon_reviews_us_Books_v1_02.tsv | grep -A 0 --group-separator=#################################################### $cust_id | sed -r s/^"$cust_id"\s// ; done | less
 1187  for cust_id in cat top_1k_amacusto_sed.txt ; do cut -f 2,14 amazon_reviews_us_Books_v1_02.tsv | grep -A 0 --group-separator=---------------------------------------------------------- $cust_id | sed -r s/^"$cust_id"\s// ; done | less
 1188  for cust_id in cat top_1k_amacusto_sed.txt ; do cut -f 2,14 amazon_reviews_us_Books_v1_02.tsv | grep -A 0 --group-separator=---------------------------------------------------------- $cust_id | sed -r s/^$cust_id\s// ; done | less
 1189  for cust_id in cat top_1k_amacusto_sed.txt ; do cut -f 2,14 amazon_reviews_us_Books_v1_02.tsv | grep -A 0 --group-separator=---------------------------------------------------------- $cust_id | sed -r s/"^$cust_id\s"// ; done | less
 1190  for cust_id in cat top_1k_amacusto_sed.txt ; do cut -f 2,14 amazon_reviews_us_Books_v1_02.tsv | grep -A 0 --group-separator=---------------------------------------------------------- $cust_id | sed -r s/^"$cust_id"\s// ; done | less
 1191  for cust_id in cat top_1k_amacusto_sed.txt ; do cut -f 2,14 amazon_reviews_us_Books_v1_02.tsv | grep -A 0 --group-separator=---------------------------------------------------------- $cust_id | sed -r "s/^$cust_id\s//" ; done | less
 1192  for cust_id in cat top_1k_amacusto_sed.txt ; do cut -f 2,14 amazon_reviews_us_Books_v1_02.tsv | grep -A 0 --group-separator=---------------------------------------------------------- $cust_id | sed -r "s/^[0-9]+\s//" ; done | less
 1193  ls WS5/CUSTOMERS/
 1194  ls WS5/
 1195  ls WS5/CUSTOMERS
 1196  for cust_id in cat top_1k_amacusto_sed.txt ; do cut -f 2,14 amazon_reviews_us_Books_v1_02.tsv | grep -A 0 --group-separator=---------------------------------------------------------- $cust_id | sed -r "s/^[0-9]+\s//" > WS5/CUSTOMERS/"$cust_id"_reviews.txt ; done
 1197  ls WS5/CUSTOMERS/
 1198  rm -r WS5/CUSTOMERS/*.txt
 1199  ls WS5/CUSTOMERS/
 1200  for cust_id in `cat top_1k_amacusto_sed.txt` ; do cut -f 2,14 amazon_reviews_us_Books_v1_02.tsv | grep -A 0 --group-separator=---------------------------------------------------------- $cust_id | sed -r "s/^[0-9]+\s//" > WS5/CUSTOMERS/"$cust_id"_reviews.txt ; done
 1201  for cust_id in `cat top_1k_amacusto_sed.txt` ; do cut -f 2,14 amazon_reviews_us_Books_v1_02.tsv | grep -A 0 --group-separator=---------------------------------------------------------- ^$cust_id | sed -r "s/^[0-9]+\s//" > WS5/CUSTOMERS/"$cust_id"_reviews.txt ; done
 1202  ls WS5/CUSTOMERS/
 1203  less WS5/CUSTOMERS/33113980_reviews.txt 
 1204  for cust_id in `cat top_1k_amacusto_sed.txt` ; do cut -f 2,14 amazon_reviews_us_Books_v1_02.tsv | grep -A 0 --group-separator=---------------------------------------------------------- ^$cust_id | sed -r "s/^[0-9]+\s//" > WS5/CUSTOMERS/"$cust_id"_reviews.txt ; done
 1205  ls WS5/CUSTOMERS/
 1206  cut -f2,14 | for i in {0..1000} ; do cat ; done less
 1207  cut -f2,14 | for i in {0..1000} ; do cat ; done | less
 1208  cut -f2,14 amazon_reviews_us_Books_v1_02.tsv | for i in {0..1000} ; do cat ; done | less
 1209  cut -f2,14 amazon_reviews_us_Books_v1_02.tsv | for $cust_id in `cat top_1k_amacusto_sed.txt` ; do grep -A 0 --group-separator=---------------------------------------------------------- $cust_id | sed -r "s/^[0-9]+\s//" > WS5/CUSTOMERS/"$cust_id"_reviews.txt ; done | less
 1210  cut -f2,14 amazon_reviews_us_Books_v1_02.tsv | for cust_id in `cat top_1k_amacusto_sed.txt` ; do grep -A 0 --group-separator=---------------------------------------------------------- $cust_id | sed -r "s/^[0-9]+\s//" ; done | less
 1239  time cut -f2,14 amazon_reviews_us_Books_v1_02.tsv | for cust_id in `head -n 10 top_1k_amacusto_sed.txt` ; do grep -A 0 --group-separator=---------------------------------------------------------- -E $cust_id | sed -r "s/^[0-9]+\s//" ; done
 1240  time cut -f2,14 amazon_reviews_us_Books_v1_02.tsv | for cust_id in `head -n 10 top_1k_amacusto_sed.txt` ; do grep -A 0 --group-separator=---------------------------------------------------------- -E $cust_id | sed -r "s/^[0-9]+\s//" ; done > /dev/null
 1241  time cut -f2,14 amazon_reviews_us_Books_v1_02.tsv | for cust_id in `head -n 10 top_1k_amacusto_sed.txt` ; do awk '{printf "$2\n-----------------------------------------------------------------------\n"}' ; done > /dev/null
 1242  time cut -f2,14 amazon_reviews_us_Books_v1_02.tsv | for cust_id in `head -n 10 top_1k_amacusto_sed.txt` ; do awk '{printf "%s\n-----------------------------------------------------------------------\n",$2}' ; done > /dev/null
 1243  time cut -f2,14 amazon_reviews_us_Books_v1_02.tsv | for cust_id in `head -n 10 top_1k_amacusto_sed.txt` ; do awk '{print "$2\n-----------------------------------------------------------------------\n"}' ; done > /dev/null
 1244  time cut -f2,14 amazon_reviews_us_Books_v1_02.tsv | for cust_id in `head -n 10 top_1k_amacusto_sed.txt` ; do cut -f 2,14 amazon_reviews_us_Books_v1_02.tsv | grep -A 0 --group-separator=---------------------------------------------------------- ^$cust_id | sed -r "s/^[0-9]+\s//" ; done > /dev/null
 1245  time for cust_id in `cat top_1k_amacusto_sed.txt` ; do cut -f 2,14 amazon_reviews_us_Books_v1_02.tsv | grep -A 0 --group-separator=---------------------------------------------------------- ^$cust_id | sed -r "s/^[0-9]+\s//" ; done > /dev/null
 1246  time for cust_id in `head -n 10 top_1k_amacusto_sed.txt` ; do cut -f 2,14 amazon_reviews_us_Books_v1_02.tsv | grep -A 0 --group-separator=---------------------------------------------------------- ^$cust_id | sed -r "s/^[0-9]+\s//" ; done > /dev/null
 1247   cut -f2,14 amazon_reviews_us_Books_v1_02.tsv | for cust_id in `head -n 10 top_1k_amacusto_sed.txt` ; do awk '{printf "%s\n-----------------------------------------------------------------------\n",$2}' ; done | less
 1248  cut -f2,14 amazon_reviews_us_Books_v1_02.tsv | for cust_id in `cat top_1k_amacusto_sed.txt` ; do grep -A 0 --group-separator=---------------------------------------------------------- -E $cust_id | sed -r "s/^[0-9]+\s//" > WS5/CUSTOMERS/"$cust_id"_reviews.txt ; done
 1249  time cut -f2,14 amazon_reviews_us_Books_v1_02.tsv | for cust_id in `cat top_1k_amacusto_sed.txt` ; do grep -A 0 --group-separator=---------------------------------------------------------- -E $cust_id | sed -r "s/^[0-9]+\s//" > WS5/CUSTOMERS/"$cust_id"_reviews.txt ; done
 1250  ls WS5/CUSTOMERS/
 1251  ls WS5/CUSTOMERS/ | less
 1252  ls WS5/CUSTOMERS/ | wc -c
 1253  ls WS5/CUSTOMERS/ | less
 1254  time cut -f2,14 amazon_reviews_us_Books_v1_02.tsv | for cust_id in `cat top_1k_amacusto_sed.txt` ; do grep -A 0 --group-separator=---------------------------------------------------------- -E ^$cust_id | sed -r "s/^[0-9]+\s//" > WS5/CUSTOMERS/"$cust_id"_reviews.txt ; done
 1255  rm WS5/CUSTOMERS/*.txt
 1256  ls WS5/CUSTOMERS/
 1257  time cut -f2,14 amazon_reviews_us_Books_v1_02.tsv | for cust_id in `cat top_1k_amacusto_sed.txt` ; do grep -A 0 --group-separator=---------------------------------------------------------- -E ^$cust_id | sed -r "s/^[0-9]+\s//" > WS5/CUSTOMERS/"$cust_id"_reviews.txt ; done
 1258  ls WS5/CUSTOMERS/ | wc -c
 1259  wc -c top_1k_amacusto_sed.txt 
 1260  less CS131/WS5/ws5.txt
 1261  more CS131/WS5/ws5.txt
 1262  cat CS131/WS5/ws5.txt
 1263  cut -f 2 amazon_reviews_us_Books_v1_02.tsv | sort | uniq -c | sort -n -k 1 | tail -n 1000 | sed s/'\s\+[0-9]\+ '// > top_1k_amacusto_sed.txt
 1264  wc -c top_1k_amacusto_sed.txt 
 1265  wc -c top_1k_amacusto.txt 
 1266  cut -f 2 amazon_reviews_us_Books_v1_02.tsv | sort | uniq -c | sort -n -k 1 | tail -n 1000 | wc -c
 1267  wc -l top_1k_amacusto_sed.txt 
 1268  ls WS5/CUSTOMERS/ | wc -l
 1269  time cut -f2,14 amazon_reviews_us_Books_v1_02.tsv | for cust_id in `cat top_1k_amacusto_sed.txt` ; do grep -A 0 --group-separator=---------------------------------------------------------- -E ^$cust_id | sed -r "s/^[0-9]+\s//" > WS5/CUSTOMERS/"$cust_id"_reviews.txt ; done
 1270  history > cmds_ws5.log
